<?xml version="1.0" encoding="UTF-8"?>
<testsuite xmlns:xsi="http://www.w3.org/2001/XMLSchema-instance" xsi:noNamespaceSchemaLocation="https://maven.apache.org/surefire/maven-surefire-plugin/xsd/surefire-test-report-3.0.xsd" version="3.0" name="com.airline.booking.AirlineHandlerTest" time="1.464" tests="1" errors="0" skipped="0" failures="0">
  <properties>
[...]
</properties>
  <testcase name="testDeploy(Vertx, VertxTestContext)" classname="com.airline.booking.AirlineHandlerTest" time="1.405">
    <system-out><![CDATA[HTTP server started on port 8080
]]></system-out>
    <system-err><![CDATA[[main] WARN io.netty.resolver.dns.DnsServerAddressStreamProviders - Can not find io.netty.resolver.dns.macos.MacOSDnsServerAddressStreamProvider in the classpath, fallback to system defaults. This may result in incorrect DNS resolutions on MacOS. Check whether you have a dependency on 'io.netty:netty-resolver-dns-native-macos'
]]></system-err>
  </testcase>
</testsuite>